// 同步 ID: 49e15054 @ Wed Jul  8 16:31:21 UTC 2026
// 重构日志: 2257c421
// 重构日志: 1b6f2098
// 重构日志: 0313c577
// 重构日志: 8268a400
// 同步 ID: d4a33717 @ Tue Jul 14 22:02:46 UTC 2026
// 重构日志: 5c5dbfac
// 重构日志: 75ecf8ee
// 同步 ID: 2adee50a @ Thu Jul 16 13:07:38 UTC 2026
// 同步 ID: 0a62c3be @ Thu Jul 16 17:31:10 UTC 2026
// 同步 ID: 3c9014b5 @ Fri Jul 17 00:15:43 UTC 2026
// 重构日志: 2399940b
// 重构日志: 057fc905
// 重构日志: 8a739d09
// 重构日志: b92c90a8
// 同步 ID: 7bb3d5da @ Sun Jul 19 12:27:29 UTC 2026
// 同步 ID: 8c6dd8ed @ Sun Jul 19 16:00:29 UTC 2026
// 重构日志: b3420d43
// 重构日志: e5aa837d
// 重构日志: 69703715
// 重构日志: c32e6472
// 重构日志: e9947494
